2019-02-03 16:25:28,692 ERROR: Exception on /explore [GET] [in /Users/abulla/Creative Cloud Files/python/flask/microblog/flaskvenv/lib/python3.7/site-packages/flask/app.py:1761]
Traceback (most recent call last):
  File "/Users/abulla/Creative Cloud Files/python/flask/microblog/flaskvenv/lib/python3.7/site-packages/flask/app.py", line 2292, in wsgi_app
    response = self.full_dispatch_request()
  File "/Users/abulla/Creative Cloud Files/python/flask/microblog/flaskvenv/lib/python3.7/site-packages/flask/app.py", line 1815, in full_dispatch_request
    rv = self.handle_user_exception(e)
  File "/Users/abulla/Creative Cloud Files/python/flask/microblog/flaskvenv/lib/python3.7/site-packages/flask/app.py", line 1718, in handle_user_exception
    reraise(exc_type, exc_value, tb)
  File "/Users/abulla/Creative Cloud Files/python/flask/microblog/flaskvenv/lib/python3.7/site-packages/flask/_compat.py", line 35, in reraise
    raise value
  File "/Users/abulla/Creative Cloud Files/python/flask/microblog/flaskvenv/lib/python3.7/site-packages/flask/app.py", line 1813, in full_dispatch_request
    rv = self.dispatch_request()
  File "/Users/abulla/Creative Cloud Files/python/flask/microblog/flaskvenv/lib/python3.7/site-packages/flask/app.py", line 1799, in dispatch_request
    return self.view_functions[rule.endpoint](**req.view_args)
  File "/Users/abulla/Creative Cloud Files/python/flask/microblog/flaskvenv/lib/python3.7/site-packages/flask_login/utils.py", line 261, in decorated_view
    return func(*args, **kwargs)
  File "/Users/abulla/Creative Cloud Files/python/flask/microblog/app/routes.py", line 51, in explore
    next_url=next_url, prev_url=prev_url)
  File "/Users/abulla/Creative Cloud Files/python/flask/microblog/flaskvenv/lib/python3.7/site-packages/flask/templating.py", line 135, in render_template
    context, ctx.app)
  File "/Users/abulla/Creative Cloud Files/python/flask/microblog/flaskvenv/lib/python3.7/site-packages/flask/templating.py", line 117, in _render
    rv = template.render(context)
  File "/Users/abulla/Creative Cloud Files/python/flask/microblog/flaskvenv/lib/python3.7/site-packages/jinja2/asyncsupport.py", line 76, in render
    return original_render(self, *args, **kwargs)
  File "/Users/abulla/Creative Cloud Files/python/flask/microblog/flaskvenv/lib/python3.7/site-packages/jinja2/environment.py", line 1008, in render
    return self.environment.handle_exception(exc_info, True)
  File "/Users/abulla/Creative Cloud Files/python/flask/microblog/flaskvenv/lib/python3.7/site-packages/jinja2/environment.py", line 780, in handle_exception
    reraise(exc_type, exc_value, tb)
  File "/Users/abulla/Creative Cloud Files/python/flask/microblog/flaskvenv/lib/python3.7/site-packages/jinja2/_compat.py", line 37, in reraise
    raise value.with_traceback(tb)
  File "/Users/abulla/Creative Cloud Files/python/flask/microblog/app/templates/index.html", line 1, in top-level template code
    {% extends "base.html" %}
  File "/Users/abulla/Creative Cloud Files/python/flask/microblog/app/templates/base.html", line 31, in top-level template code
    {% block content %}{% endblock %}
  File "/Users/abulla/Creative Cloud Files/python/flask/microblog/app/templates/index.html", line 6, in block "content"
    <form action="" method="post">
  File "/Users/abulla/Creative Cloud Files/python/flask/microblog/flaskvenv/lib/python3.7/site-packages/jinja2/environment.py", line 430, in getattr
    return getattr(obj, attribute)
jinja2.exceptions.UndefinedError: 'form' is undefined
2019-02-03 16:42:33,367 INFO: Microblog startup [in /Users/abulla/Creative Cloud Files/python/flask/microblog/app/__init__.py:45]
2019-02-03 17:26:10,739 INFO: Microblog startup [in /Users/abulla/Creative Cloud Files/python/flask/microblog/app/__init__.py:45]
2019-02-03 17:56:59,841 INFO: Microblog startup [in /Users/abulla/Creative Cloud Files/python/flask/microblog/app/__init__.py:47]
2019-02-03 18:35:53,575 INFO: Microblog startup [in /Users/abulla/Creative Cloud Files/python/flask/microblog/app/__init__.py:47]
2019-02-04 18:59:49,352 INFO: Microblog startup [in /Users/abulla/Creative Cloud Files/python/flask/microblog/app/__init__.py:47]
2019-02-04 19:38:20,710 INFO: Microblog startup [in /Users/abulla/Creative Cloud Files/python/flask/microblog/app/__init__.py:52]
2019-02-04 19:43:06,929 INFO: Microblog startup [in /Users/abulla/Creative Cloud Files/python/flask/microblog/app/__init__.py:52]
2019-02-04 19:44:38,331 INFO: Microblog startup [in /Users/abulla/Creative Cloud Files/python/flask/microblog/app/__init__.py:52]
2019-02-04 19:44:53,019 INFO: Microblog startup [in /Users/abulla/Creative Cloud Files/python/flask/microblog/app/__init__.py:52]
2019-02-04 19:45:16,851 INFO: Microblog startup [in /Users/abulla/Creative Cloud Files/python/flask/microblog/app/__init__.py:52]
2019-02-04 20:23:14,372 INFO: Microblog startup [in /Users/abulla/Creative Cloud Files/python/flask/microblog/app/__init__.py:52]
2019-02-04 20:23:37,010 INFO: Microblog startup [in /Users/abulla/Creative Cloud Files/python/flask/microblog/app/__init__.py:52]
2019-02-04 21:18:18,350 INFO: Microblog startup [in /Users/abulla/Creative Cloud Files/python/flask/microblog/app/__init__.py:52]
2019-02-04 21:24:33,756 INFO: Microblog startup [in /Users/abulla/Creative Cloud Files/python/flask/microblog/app/__init__.py:52]
2019-02-04 21:37:03,564 INFO: Microblog startup [in /Users/abulla/Creative Cloud Files/python/flask/microblog/app/__init__.py:52]
2019-02-04 21:37:21,349 INFO: Microblog startup [in /Users/abulla/Creative Cloud Files/python/flask/microblog/app/__init__.py:52]
2019-02-05 12:30:38,146 INFO: Microblog startup [in /Users/abulla/Creative Cloud Files/python/flask/microblog/app/__init__.py:77]
2019-02-05 13:30:06,164 INFO: Microblog startup [in /Users/abulla/Creative Cloud Files/python/flask/microblog/app/__init__.py:77]
2019-02-05 14:55:52,925 INFO: Microblog startup [in /Users/abulla/Creative Cloud Files/python/flask/microblog/app/__init__.py:82]
2019-02-05 19:08:39,463 INFO: Microblog startup [in /Users/abulla/Creative Cloud Files/python/flask/microblog/app/__init__.py:74]
2019-02-05 19:12:05,684 INFO: Microblog startup [in /Users/abulla/Creative Cloud Files/python/flask/microblog/app/__init__.py:52]
2019-02-05 19:13:48,260 INFO: Microblog startup [in /Users/abulla/Creative Cloud Files/python/flask/microblog/app/__init__.py:52]
2019-02-05 19:14:15,159 INFO: Microblog startup [in /Users/abulla/Creative Cloud Files/python/flask/microblog/app/__init__.py:52]
2019-02-05 19:14:32,366 INFO: Microblog startup [in /Users/abulla/Creative Cloud Files/python/flask/microblog/app/__init__.py:52]
2019-02-05 19:14:50,750 INFO: Microblog startup [in /Users/abulla/Creative Cloud Files/python/flask/microblog/app/__init__.py:52]
2019-02-05 19:15:23,702 INFO: Microblog startup [in /Users/abulla/Creative Cloud Files/python/flask/microblog/app/__init__.py:52]
2019-02-05 19:19:28,230 INFO: Microblog startup [in /Users/abulla/Creative Cloud Files/python/flask/microblog/app/__init__.py:52]
2019-02-05 19:19:39,230 INFO: Microblog startup [in /Users/abulla/Creative Cloud Files/python/flask/microblog/app/__init__.py:52]
2019-02-05 19:19:54,022 INFO: Microblog startup [in /Users/abulla/Creative Cloud Files/python/flask/microblog/app/__init__.py:52]
2019-02-06 18:47:18,964 INFO: Microblog startup [in /Users/abulla/Creative Cloud Files/python/flask/microblog/app/__init__.py:52]
2019-02-08 11:09:35,183 INFO: Microblog startup [in /Users/abulla/Creative Cloud Files/python/flask/microblog/app/__init__.py:74]
2019-02-08 13:42:18,920 INFO: Microblog startup [in /Users/abulla/Creative Cloud Files/python/flask/microblog/app/__init__.py:77]
